<?xml version="1.0" encoding="UTF-8"?>
<testsuites name="bun test" tests="5" assertions="5" failures="0" skipped="4" time="0.522782">
  <testsuite name="test/session/structured-output-integration.test.ts" file="test/session/structured-output-integration.test.ts" tests="5" assertions="5" failures="0" skipped="4" time="0" hostname="AK-UM-M2-MAX.local">
    <testsuite name="StructuredOutput Integration" file="test/session/structured-output-integration.test.ts" line="23" tests="5" assertions="5" failures="0" skipped="4" time="0" hostname="AK-UM-M2-MAX.local">
      <testcase name="produces structured output with simple schema" classname="StructuredOutput Integration" time="0" file="test/session/structured-output-integration.test.ts" line="25" assertions="0">
        <skipped />
      </testcase>
      <testcase name="produces structured output with nested objects" classname="StructuredOutput Integration" time="0" file="test/session/structured-output-integration.test.ts" line="73" assertions="0">
        <skipped />
      </testcase>
      <testcase name="works with text outputFormat (default)" classname="StructuredOutput Integration" time="0" file="test/session/structured-output-integration.test.ts" line="136" assertions="0">
        <skipped />
      </testcase>
      <testcase name="stores outputFormat on user message" classname="StructuredOutput Integration" time="0" file="test/session/structured-output-integration.test.ts" line="172" assertions="0">
        <skipped />
      </testcase>
      <testcase name="unit test: StructuredOutputError is properly structured" classname="StructuredOutput Integration" time="0.000141" file="test/session/structured-output-integration.test.ts" line="219" assertions="5" />
    </testsuite>
  </testsuite>
</testsuites>
